Exporter version: 2.80.1, Blender version: 2.91.2
========= Conversion from Blender to Babylon.js =========
	Scene settings used :
		Inline textures     :  false
		Material Type       :  PBR
		Positions Precision :  4
		Normals Precision   :  3
		UVs Precision       :  3
		Vert Color Precision:  3
		Mat Weight Precision:  2
		Keep Z-up r-handed  :  no
		Texture directory   :  /Users/seb/git/BabylonJSAssignement/tp1_exemple9/assets/
	Python World class constructor completed
	WARNING: No active camera has been assigned, or is not in a currently selected Blender layer
	processing begun of mesh:  Tree.Birch
		processing begun of material:  Tree.Birch.Leaf.Summer.Mat
		processing begun of material:  Tree.Birch.Bark.Mat
		processing begun of multimaterial:  birch_tree.Multimaterial#0
		num positions      :  196301
		num normals        :  196301
		num tangents       :  0
		num uvs            :  392602
		num uvs2           :  0
		num colors         :  0
		num triangles      :  65456
========= Writing of JSON file started =========
	writing mesh:  Tree.Birch
========= Writing of JSON file completed =========
========= end of processing =========
elapsed time:  0 min, 4.1703 secs
